# JRE version: OpenJDK Runtime Environment (8.0_76-b03) (build 1.8.0_76-release-b03)
# Java VM: OpenJDK 64-Bit Server VM (25.76-b03 mixed mode linux-amd64 compressed oops)
Heap:
 PSYoungGen      total 1046528K, used 0K [0x000000076ab00000, 0x00000007b7a80000, 0x00000007c0000000)
  eden space 824320K, 0% used [0x000000076ab00000,0x000000076ab00000,0x000000079d000000)
  from space 222208K, 0% used [0x00000007aa180000,0x00000007aa180000,0x00000007b7a80000)
  to   space 214528K, 0% used [0x000000079d000000,0x000000079d000000,0x00000007aa180000)
 ParOldGen       total 638464K, used 600585K [0x00000006c0000000, 0x00000006e6f80000, 0x000000076ab00000)
  object space 638464K, 94% used [0x00000006c0000000,0x00000006e4a82410,0x00000006e6f80000)
 Metaspace       used 6429K, capacity 7280K, committed 7552K, reserved 1056768K
  class space    used 589K, capacity 616K, committed 640K, reserved 1048576K
GC Heap History (10 events):
Event: 16.497 GC heap after
Heap after GC invocations=16 (full 4):
 PSYoungGen      total 673792K, used 0K [0x000000076ab00000, 0x00000007a0980000, 0x00000007c0000000)
  eden space 514048K, 0% used [0x000000076ab00000,0x000000076ab00000,0x000000078a100000)
  from space 159744K, 0% used [0x0000000794880000,0x0000000794880000,0x000000079e480000)
  to   space 171520K, 0% used [0x000000078a100000,0x000000078a100000,0x0000000794880000)
 ParOldGen       total 604160K, used 371234K [0x00000006c0000000, 0x00000006e4e00000, 0x000000076ab00000)
  object space 604160K, 61% used [0x00000006c0000000,0x00000006d6a88b98,0x00000006e4e00000)
 Metaspace       used 6405K, capacity 7280K, committed 7552K, reserved 1056768K
  class space    used 587K, capacity 616K, committed 640K, reserved 1048576K
}
Event: 18.294 GC heap before
{Heap before GC invocations=17 (full 4):
 PSYoungGen      total 673792K, used 514048K [0x000000076ab00000, 0x00000007a0980000, 0x00000007c0000000)
  eden space 514048K, 100% used [0x000000076ab00000,0x000000078a100000,0x000000078a100000)
  from space 159744K, 0% used [0x0000000794880000,0x0000000794880000,0x000000079e480000)
  to   space 171520K, 0% used [0x000000078a100000,0x000000078a100000,0x0000000794880000)
 ParOldGen       total 604160K, used 371234K [0x00000006c0000000, 0x00000006e4e00000, 0x000000076ab00000)
  object space 604160K, 61% used [0x00000006c0000000,0x00000006d6a88b98,0x00000006e4e00000)
 Metaspace       used 6419K, capacity 7280K, committed 7552K, reserved 1056768K
  class space    used 588K, capacity 616K, committed 640K, reserved 1048576K
Event: 18.401 GC heap after
Heap after GC invocations=17 (full 4):
 PSYoungGen      total 685568K, used 88525K [0x000000076ab00000, 0x00000007a6a80000, 0x00000007c0000000)
  eden space 514048K, 0% used [0x000000076ab00000,0x000000076ab00000,0x000000078a100000)
  from space 171520K, 51% used [0x000000078a100000,0x000000078f773418,0x0000000794880000)
  to   space 169984K, 0% used [0x000000079c480000,0x000000079c480000,0x00000007a6a80000)
 ParOldGen       total 604160K, used 371234K [0x00000006c0000000, 0x00000006e4e00000, 0x000000076ab00000)
  object space 604160K, 61% used [0x00000006c0000000,0x00000006d6a88b98,0x00000006e4e00000)
 Metaspace       used 6419K, capacity 7280K, committed 7552K, reserved 1056768K
  class space    used 588K, capacity 616K, committed 640K, reserved 1048576K
}
Event: 19.623 GC heap before
{Heap before GC invocations=18 (full 4):
 PSYoungGen      total 685568K, used 602573K [0x000000076ab00000, 0x00000007a6a80000, 0x00000007c0000000)
  eden space 514048K, 100% used [0x000000076ab00000,0x000000078a100000,0x000000078a100000)
  from space 171520K, 51% used [0x000000078a100000,0x000000078f773418,0x0000000794880000)
  to   space 169984K, 0% used [0x000000079c480000,0x000000079c480000,0x00000007a6a80000)
 ParOldGen       total 604160K, used 371234K [0x00000006c0000000, 0x00000006e4e00000, 0x000000076ab00000)
  object space 604160K, 61% used [0x00000006c0000000,0x00000006d6a88b98,0x00000006e4e00000)
 Metaspace       used 6423K, capacity 7280K, committed 7552K, reserved 1056768K
  class space    used 588K, capacity 616K, committed 640K, reserved 1048576K
Event: 20.176 GC heap after
Heap after GC invocations=18 (full 4):
 PSYoungGen      total 783360K, used 169961K [0x000000076ab00000, 0x00000007abf80000, 0x00000007c0000000)
  eden space 613376K, 0% used [0x000000076ab00000,0x000000076ab00000,0x0000000790200000)
  from space 169984K, 99% used [0x000000079c480000,0x00000007a6a7a498,0x00000007a6a80000)
  to   space 199168K, 0% used [0x0000000790200000,0x0000000790200000,0x000000079c480000)
 ParOldGen       total 604160K, used 373742K [0x00000006c0000000, 0x00000006e4e00000, 0x000000076ab00000)
  object space 604160K, 61% used [0x00000006c0000000,0x00000006d6cfb9c8,0x00000006e4e00000)
 Metaspace       used 6423K, capacity 7280K, committed 7552K, reserved 1056768K
  class space    used 588K, capacity 616K, committed 640K, reserved 1048576K
}
Event: 21.656 GC heap before
{Heap before GC invocations=19 (full 4):
 PSYoungGen      total 783360K, used 783337K [0x000000076ab00000, 0x00000007abf80000, 0x00000007c0000000)
  eden space 613376K, 100% used [0x000000076ab00000,0x0000000790200000,0x0000000790200000)
  from space 169984K, 99% used [0x000000079c480000,0x00000007a6a7a498,0x00000007a6a80000)
  to   space 199168K, 0% used [0x0000000790200000,0x0000000790200000,0x000000079c480000)
 ParOldGen       total 604160K, used 373742K [0x00000006c0000000, 0x00000006e4e00000, 0x000000076ab00000)
  object space 604160K, 61% used [0x00000006c0000000,0x00000006d6cfb9c8,0x00000006e4e00000)
 Metaspace       used 6429K, capacity 7280K, committed 7552K, reserved 1056768K
  class space    used 589K, capacity 616K, committed 640K, reserved 1048576K
Event: 22.189 GC heap after
Heap after GC invocations=19 (full 4):
 PSYoungGen      total 812544K, used 178323K [0x000000076ab00000, 0x00000007b7c80000, 0x00000007c0000000)
  eden space 613376K, 0% used [0x000000076ab00000,0x000000076ab00000,0x0000000790200000)
  from space 199168K, 89% used [0x0000000790200000,0x000000079b024da8,0x000000079c480000)
  to   space 224256K, 0% used [0x00000007aa180000,0x00000007aa180000,0x00000007b7c80000)
 ParOldGen       total 604160K, used 461494K [0x00000006c0000000, 0x00000006e4e00000, 0x000000076ab00000)
  object space 604160K, 76% used [0x00000006c0000000,0x00000006dc2ad8d0,0x00000006e4e00000)
 Metaspace       used 6429K, capacity 7280K, committed 7552K, reserved 1056768K
  class space    used 589K, capacity 616K, committed 640K, reserved 1048576K
}
Event: 23.455 GC heap before
{Heap before GC invocations=20 (full 4):
 PSYoungGen      total 812544K, used 791699K [0x000000076ab00000, 0x00000007b7c80000, 0x00000007c0000000)
  eden space 613376K, 100% used [0x000000076ab00000,0x0000000790200000,0x0000000790200000)
  from space 199168K, 89% used [0x0000000790200000,0x000000079b024da8,0x000000079c480000)
  to   space 224256K, 0% used [0x00000007aa180000,0x00000007aa180000,0x00000007b7c80000)
 ParOldGen       total 604160K, used 461494K [0x00000006c0000000, 0x00000006e4e00000, 0x000000076ab00000)
  object space 604160K, 76% used [0x00000006c0000000,0x00000006dc2ad8d0,0x00000006e4e00000)
 Metaspace       used 6429K, capacity 7280K, committed 7552K, reserved 1056768K
  class space    used 589K, capacity 616K, committed 640K, reserved 1048576K
Event: 24.126 GC heap after
Heap after GC invocations=20 (full 4):
 PSYoungGen      total 1046528K, used 96834K [0x000000076ab00000, 0x00000007b7a80000, 0x00000007c0000000)
  eden space 824320K, 0% used [0x000000076ab00000,0x000000076ab00000,0x000000079d000000)
  from space 222208K, 43% used [0x00000007aa180000,0x00000007b0010980,0x00000007b7a80000)
  to   space 214528K, 0% used [0x000000079d000000,0x000000079d000000,0x00000007aa180000)
 ParOldGen       total 638464K, used 637010K [0x00000006c0000000, 0x00000006e6f80000, 0x000000076ab00000)
  object space 638464K, 99% used [0x00000006c0000000,0x00000006e6e149d8,0x00000006e6f80000)
 Metaspace       used 6429K, capacity 7280K, committed 7552K, reserved 1056768K
  class space    used 589K, capacity 616K, committed 640K, reserved 1048576K
}
Event: 24.126 GC heap before
{Heap before GC invocations=21 (full 5):
 PSYoungGen      total 1046528K, used 96834K [0x000000076ab00000, 0x00000007b7a80000, 0x00000007c0000000)
  eden space 824320K, 0% used [0x000000076ab00000,0x000000076ab00000,0x000000079d000000)
  from space 222208K, 43% used [0x00000007aa180000,0x00000007b0010980,0x00000007b7a80000)
  to   space 214528K, 0% used [0x000000079d000000,0x000000079d000000,0x00000007aa180000)
 ParOldGen       total 638464K, used 637010K [0x00000006c0000000, 0x00000006e6f80000, 0x000000076ab00000)
  object space 638464K, 99% used [0x00000006c0000000,0x00000006e6e149d8,0x00000006e6f80000)
 Metaspace       used 6429K, capacity 7280K, committed 7552K, reserved 1056768K
  class space    used 589K, capacity 616K, committed 640K, reserved 1048576K

